Brigid-1
Michael-2
JR-3
Richard-4
Tim-5
Lyndsey-6
Will-Whoops!
Lyndsey-8
Tim-9
Richard-10
JR-11
Michael-12
Brigid-13
Will-Whoops!
Brigid-15
Michael-Whoops!
Brigid-Whoops!
Michael-18
JR-19
Richard-20
Tim-21
END OF ROUND
Tim-1
Lyndsey-2
Will-3
Brigid-4
Michael-5
JR-6
Richard-Whoops!
JR-8
Michael-9
Brigid-10
Will-11
Lyndsey-12
Tim-13
Richard-Whoops!
Tim-15
Lyndsey-16
END OF ROUND
Lyndsey-1
Will-2
Brigid-3
Michael-4
JR-5
Richard-6
Tim-Whoops!
Richard-
END OF ROUND
Richard-1
Tim-2
Lyndsey-3
Will-4
Brigid-5
Michael-6
JR-7
END OF ROUND
JR-1
Richard-2
Tim-3
Lyndsey-4
Will-5
Brigid-6
Michael-Whoops!
Brigid-8
Will-9
Lyndsey-10
Tim-11
Richard-12
JR-13
Michael-Whoops!
JR-15
Richard-Whoops!
JR-17
END OF ROUND
Brigid: 0
Michael: 0
JR: 2
Richard: 1
Tim: 1
Lyndsey: 1
Will: 0
--
Will-1
Brigid-2
Lyndsey-3
Shemp-4
Larry-5
Curly-6
Moe-Whoops!
Curly-8
Larry-9
Shemp-10
Lyndsey-11
Brigid-12
Will-13
Moe-Whoops!
Will-15
Brigid-Whoops!
Will-Whoops!
Brigid-18
Lyndsey-19
Shemp-20
Larry-Whoops!
Shemp-22
Lyndsey-23
Brigid-24
Will-Whoops!
Brigid-26
Lyndsey-Whoops!
Brigid-Whoops!
Lyndsey-29
Shemp-30
Larry-31
Curly-32
Moe-33
Will-Whoops!
Moe-Whoops!
Will-36
Brigid-Whoops!
Will-38
Moe-39
Curly-40
Larry-41
Shemp-Whoops!
Larry-Whoops!
Shemp-44
Lyndsey-45
Brigid-46
Will-Whoops!
Brigid-48
Lyndsey-Whoops!
Brigid-50
Will-51
Moe-Whoops!
Will-53
Brigid-54
Lyndsey-55
Shemp-Whoops!
Lyndsey-Whoops!
Shemp-58
Larry-59
Curly-60
Moe-Whoops!
Curly-62
Larry-Whoops!
Curly-64
Moe-65
Will-66
Brigid-Whoops!
Will-68
Moe-69
Curly-Whoops!
Moe-Whoops!
Curly-Whoops!
Moe-Whoops!
Curly-Whoops!
Moe-Whoops!
Curly-Whoops!
Moe-Whoops!
Curly-Whoops!
Moe-Whoops!
Curly-80
Larry-81
Shemp-82
Lyndsey-83
Brigid-Whoops!
Lyndsey-85
Shemp-86
Larry-Whoops!
Shemp-88
Lyndsey-89
Brigid-90
Will-Whoops!
Brigid-92
Lyndsey-93
Shemp-94
Larry-95
Curly-96
Moe-Whoops!
Curly-Whoops!
Moe-99
Will-100
Brigid-101
Lyndsey-102
Shemp-103
Larry-104
Curly-Whoops!
Larry-Whoops!
Curly-Whoops!
Larry-108
Shemp-109
Lyndsey-110
Brigid-111
Will-Whoops!
Brigid-113
Lyndsey-114
Shemp-Whoops!
Lyndsey-116
Brigid-Whoops!
Lyndsey-118
Shemp-Whoops!
Lyndsey-120
Brigid-121
Will-122
Moe-123
Curly-Whoops!
Moe-125
Will-Whoops!
Moe-Whoops!
Will-128
Brigid-129
Lyndsey-130
Shemp-131
Larry-132
Curly-Whoops!
Larry-134
Shemp-135
Lyndsey-136
Brigid-Whoops!
Lyndsey-138
Shemp-139
Larry-Whoops!
Shemp-141
Lyndsey-142
END OF ROUND
Lyndsey-1
Shemp-2
Larry-3
Curly-4
Moe-5
Will-6
Brigid-Whoops!
Will-8
Moe-9
Curly-10
Larry-11
Shemp-12
Lyndsey-13
Brigid-Whoops!
Lyndsey-15
Shemp-Whoops!
Lyndsey-Whoops!
Shemp-18
Larry-19
Curly-20
Moe-Whoops!
Curly-22
Larry-23
Shemp-24
Lyndsey-25
END OF ROUND
Will: 0
Brigid: 0
Lyndsey: 2
Shemp: 0
Larry: 0
Curly: 0
Moe: 0
--
Will-1
Michael-2
Brigid-3
Will-4
Michael-5
Brigid-6
Will-Whoops!
Brigid-8
Michael-9
Will-10
Brigid-11
Michael-12
Will-13
Brigid-Whoops!
Will-15
Michael-Whoops!
Will-Whoops!
Michael-18
Brigid-19
Will-20
Michael-Whoops!
Will-22
Brigid-23
Michael-24
Will-Whoops!
Michael-26
Brigid-Whoops!
Michael-Whoops!
Brigid-29
Will-30
Michael-31
Brigid-32
Will-33
Michael-Whoops!
Will-Whoops!
Michael-36
Brigid-Whoops!
Michael-38
Will-39
Brigid-40
Michael-41
Will-Whoops!
Michael-Whoops!
Will-44
Brigid-45
Michael-46
Will-Whoops!
Michael-48
Brigid-Whoops!
Michael-50
Will-51
Brigid-Whoops!
Will-53
Michael-54
Brigid-55
Will-Whoops!
Brigid-Whoops!
Will-58
Michael-59
Brigid-60
Will-Whoops!
Brigid-62
Michael-Whoops!
Brigid-64
Will-65
Michael-66
Brigid-Whoops!
Michael-68
Will-69
Brigid-Whoops!
Will-Whoops!
Brigid-Whoops!
Will-Whoops!
Brigid-Whoops!
Will-Whoops!
Brigid-Whoops!
Will-Whoops!
Brigid-Whoops!
Will-Whoops!
Brigid-80
Michael-81
Will-82
Brigid-83
Michael-Whoops!
Brigid-85
Will-86
Michael-87
END OF ROUND
Michael-1
Brigid-2
Will-3
Michael-4
Brigid-5
Will-6
Michael-Whoops!
Will-8
Brigid-9
Michael-10
Will-11
Brigid-12
Michael-13
Will-Whoops!
Michael-15
Brigid-Whoops!
Michael-17
END OF ROUND
Will: 0
Michael: 2
Brigid: 0
--
Lyndsey-1
JR-2
Richard-3
Lyndsey-4
JR-5
Richard-6
Lyndsey-Whoops!
Richard-
END OF ROUND
Richard-1
Lyndsey-2
JR-3
Richard-4
Lyndsey-5
JR-6
Richard-Whoops!
JR-8
Lyndsey-9
Richard-10
JR-11
Lyndsey-12
Richard-13
JR-14
END OF ROUND
JR-1
Richard-2
Lyndsey-3
JR-4
Richard-5
Lyndsey-6
JR-7
END OF ROUND
Lyndsey: 0
JR: 2
Richard: 1
--
Player1-1
Player2-2
Player3-3
Player4-4
Player5-5
Player6-6
Player7-Whoops!
Player6-8
Player5-9
Player4-10
Player3-11
Player2-12
Player1-13
Player99-Whoops!
Player1-15
Player2-Whoops!
Player1-Whoops!
Player2-18
Player3-19
Player4-20
Player5-Whoops!
Player4-22
Player3-23
Player2-24
Player1-Whoops!
Player2-26
Player3-Whoops!
Player2-Whoops!
Player3-29
Player4-30
Player5-31
Player6-32
Player7-33
Player8-Whoops!
Player7-Whoops!
Player8-36
Player9-Whoops!
Player8-38
Player7-39
Player6-40
Player5-41
Player4-Whoops!
Player5-Whoops!
Player4-44
Player3-45
Player2-46
Player1-Whoops!
Player2-48
Player3-Whoops!
Player2-50
Player1-51
Player99-Whoops!
Player1-53
Player2-54
Player3-55
Player4-Whoops!
Player3-Whoops!
Player4-58
Player5-59
Player6-60
Player7-Whoops!
Player6-62
Player5-Whoops!
Player6-64
Player7-65
Player8-66
Player9-Whoops!
Player8-68
Player7-69
Player6-Whoops!
Player7-Whoops!
Player6-Whoops!
Player7-Whoops!
Player6-Whoops!
Player7-Whoops!
Player6-Whoops!
Player7-Whoops!
Player6-Whoops!
Player7-Whoops!
Player6-80
Player5-81
Player4-82
Player3-83
Player2-Whoops!
Player3-85
Player4-86
Player5-Whoops!
Player4-88
Player3-89
Player2-90
Player1-Whoops!
Player2-92
Player3-93
Player4-94
Player5-95
Player6-96
Player7-Whoops!
Player6-Whoops!
Player7-99
Player8-100
Player9-101
Player10-102
Player11-103
Player12-104
Player13-Whoops!
Player12-Whoops!
Player13-Whoops!
Player12-108
Player11-109
Player10-110
Player9-111
Player8-Whoops!
Player9-113
Player10-114
Player11-Whoops!
Player10-116
Player9-Whoops!
Player10-118
Player11-Whoops!
Player10-120
Player9-121
Player8-122
Player7-123
Player6-Whoops!
Player7-125
Player8-Whoops!
Player7-Whoops!
Player8-128
Player9-129
Player10-130
Player11-131
Player12-132
Player13-Whoops!
Player12-134
Player11-135
Player10-136
Player9-Whoops!
Player10-138
Player11-139
Player12-Whoops!
Player11-141
Player10-Whoops!
Player11-143
Player12-144
Player13-145
Player14-146
Player15-Whoops!
Player14-148
Player13-149
Player12-150
Player11-Whoops!
Player12-152
Player13-153
Player14-Whoops!
Player13-155
Player12-156
Player11-Whoops!
Player12-158
Player13-159
Player14-Whoops!
Player13-Whoops!
Player14-162
Player15-163
Player16-164
Player17-165
Player18-166
Player19-Whoops!
Player18-Whoops!
Player19-169
Player20-Whoops!
Player19-Whoops!
Player20-Whoops!
Player19-Whoops!
Player20-Whoops!
Player19-Whoops!
Player20-Whoops!
Player19-Whoops!
Player20-Whoops!
Player19-Whoops!
Player20-180
Player21-181
Player22-Whoops!
Player21-183
Player20-184
Player19-185
Player18-186
Player17-Whoops!
Player18-188
Player19-Whoops!
Player18-190
Player17-191
Player16-192
Player15-193
Player14-194
Player13-195
Player12-Whoops!
Player13-Whoops!
Player12-198
Player11-199
Player10-200
Player9-201
Player8-202
Player7-Whoops!
Player8-204
Player9-Whoops!
Player8-206
Player7-Whoops!
Player8-208
Player9-209
Player10-Whoops!
Player9-211
Player8-212
Player7-213
Player6-Whoops!
Player7-215
Player8-216
Player9-Whoops!
Player8-218
Player7-219
Player6-220
Player5-221
Player4-222
Player3-Whoops!
Player4-Whoops!
Player3-225
Player2-226
Player1-Whoops!
Player2-228
Player3-229
Player4-230
Player5-Whoops!
Player4-Whoops!
Player5-233
Player6-234
Player7-235
Player8-236
Player9-Whoops!
Player8-Whoops!
Player9-239
Player10-240
Player11-Whoops!
Player10-242
Player9-243
Player8-244
Player7-Whoops!
Player8-246
Player9-Whoops!
Player8-248
Player7-249
Player6-Whoops!
Player7-251
Player8-Whoops!
Player7-253
Player6-254
Player5-255
Player4-256
Player3-Whoops!
Player4-258
Player5-Whoops!
Player4-260
Player3-261
Player2-262
Player1-263
Player99-264
Player98-265
Player97-Whoops!
Player98-Whoops!
Player97-268
Player96-269
Player95-Whoops!
Player96-Whoops!
Player95-Whoops!
Player96-Whoops!
Player95-Whoops!
Player96-Whoops!
Player95-Whoops!
Player96-Whoops!
Player95-Whoops!
Player96-Whoops!
Player95-Whoops!
Player96-281
Player97-282
Player98-283
Player99-284
Player1-285
Player2-286
Player3-Whoops!
Player2-288
Player1-289
Player99-290
Player98-291
Player97-292
Player96-293
Player95-Whoops!
Player96-295
Player97-296
Player98-Whoops!
Player97-298
Player96-299
Player95-300
Player94-Whoops!
Player95-302
Player96-303
Player97-Whoops!
Player96-305
Player95-306
Player94-Whoops!
Player95-Whoops!
Player94-309
Player93-310
Player92-311
Player91-312
Player90-Whoops!
Player91-314
Player92-Whoops!
Player91-316
Player90-Whoops!
Player91-318
Player92-319
Player93-320
Player94-321
Player95-Whoops!
Player94-323
Player93-324
Player92-325
Player91-326
Player90-Whoops!
Player91-328
Player92-Whoops!
Player91-330
Player90-Whoops!
Player91-332
Player92-333
Player93-334
Player94-335
Player95-Whoops!
Player94-Whoops!
Player95-338
Player96-339
Player97-Whoops!
Player96-341
Player95-342
Player94-Whoops!
Player95-344
Player96-345
Player97-346
Player98-Whoops!
Player97-348
Player96-349
Player95-Whoops!
Player96-351
Player97-352
Player98-353
Player99-354
Player1-355
Player2-356
Player3-Whoops!
Player2-358
Player1-359
Player99-360
Player98-361
Player97-362
Player96-363
Player95-Whoops!
Player96-365
Player97-366
Player98-Whoops!
Player97-368
Player96-369
Player95-Whoops!
Player96-Whoops!
Player95-Whoops!
Player96-Whoops!
Player95-Whoops!
Player96-Whoops!
Player95-Whoops!
Player96-Whoops!
Player95-Whoops!
Player96-Whoops!
Player95-380
Player94-381
Player93-382
Player92-383
Player91-384
Player90-Whoops!
Player91-386
Player92-Whoops!
Player91-388
Player90-389
Player89-390
Player88-391
Player87-Whoops!
Player88-393
Player89-394
Player90-395
Player91-396
Player92-Whoops!
Player91-398
Player90-Whoops!
Player91-400
Player92-401
Player93-402
Player94-Whoops!
Player93-404
Player92-405
Player91-Whoops!
Player92-Whoops!
Player91-408
Player90-409
Player89-410
Player88-411
Player87-Whoops!
Player88-Whoops!
Player87-414
Player86-415
Player85-416
Player84-Whoops!
Player85-418
Player86-419
Player87-Whoops!
Player86-Whoops!
Player87-422
Player88-423
Player89-424
Player90-425
Player91-426
Player92-Whoops!
Player91-428
Player90-429
Player89-Whoops!
Player90-431
Player91-432
Player92-433
Player93-Whoops!
Player92-435
Player91-436
Player90-Whoops!
Player91-438
Player92-439
Player93-440
Player94-Whoops!
Player93-442
Player92-443
Player91-444
Player90-445
Player89-446
Player88-Whoops!
Player89-Whoops!
Player88-449
Player87-450
Player86-451
Player85-452
Player84-453
Player83-454
Player82-Whoops!
Player83-456
Player84-Whoops!
Player83-458
Player82-459
Player81-460
Player80-461
Player79-Whoops!
Player80-463
Player81-464
Player82-465
Player83-466
Player84-Whoops!
Player83-468
Player82-Whoops!
Player83-Whoops!
Player82-Whoops!
Player83-Whoops!
Player82-Whoops!
Player83-Whoops!
Player82-Whoops!
Player83-Whoops!
Player82-Whoops!
Player83-Whoops!
Player82-Whoops!
Player83-480
Player84-481
Player85-482
Player86-Whoops!
Player85-484
Player84-485
Player83-486
Player82-Whoops!
Player83-488
Player84-489
Player85-Whoops!
Player84-491
Player83-492
Player82-493
Player81-494
Player80-495
Player79-496
Player78-Whoops!
Player79-498
Player80-499
Player81-500
Player82-501
Player83-Whoops!
Player82-503
Player81-Whoops!
Player82-505
Player83-506
Player84-Whoops!
Player83-508
Player82-509
Player81-510
Player80-Whoops!
Player81-512
Player82-513
Player83-514
Player84-515
Player85-516
Player86-Whoops!
Player85-Whoops!
Player86-519
Player87-Whoops!
Player86-521
Player85-522
Player84-523
Player83-524
Player82-Whoops!
Player83-526
Player84-Whoops!
Player83-528
Player82-529
Player81-530
Player80-531
Player79-Whoops!
Player80-533
Player81-534
Player82-535
Player83-536
Player84-Whoops!
Player83-538
Player82-Whoops!
Player83-540
Player84-541
Player85-542
Player86-543
Player87-544
Player88-545
Player89-Whoops!
Player88-Whoops!
Player89-548
Player90-549
Player91-550
Player92-551
Player93-552
Player94-Whoops!
Player93-554
Player92-555
Player91-556
Player90-Whoops!
Player91-558
Player92-559
Player93-Whoops!
Player92-561
Player91-562
Player90-563
Player89-564
Player88-565
Player87-566
Player86-Whoops!
Player87-568
Player88-569
Player89-Whoops!
Player88-Whoops!
Player89-Whoops!
Player88-Whoops!
Player89-Whoops!
Player88-Whoops!
Player89-Whoops!
Player88-Whoops!
Player89-Whoops!
Player88-Whoops!
Player89-580
Player90-Whoops!
Player89-582
Player88-583
Player87-584
Player86-585
Player85-586
Player84-Whoops!
Player85-Whoops!
Player84-589
Player83-590
Player82-591
Player81-592
Player80-593
Player79-594
Player78-Whoops!
Player79-596
Player80-Whoops!
Player79-598
Player78-599
Player77-600
Player76-Whoops!
Player77-Whoops!
Player76-603
Player75-604
Player74-605
Player73-606
Player72-Whoops!
Player73-608
Player74-Whoops!
Player73-Whoops!
Player74-611
Player75-612
Player76-613
Player77-614
Player78-615
Player79-Whoops!
Player78-Whoops!
Player79-618
Player80-619
Player81-620
Player82-621
Player83-622
Player84-Whoops!
Player83-624
Player82-625
Player81-626
Player80-Whoops!
Player81-628
Player82-629
Player83-Whoops!
Player82-631
Player81-632
Player80-633
Player79-634
Player78-635
Player77-636
Player76-Whoops!
Player77-638
Player78-639
Player79-640
Player80-641
Player81-642
Player82-643
Player83-Whoops!
Player82-645
Player81-646
Player80-Whoops!
Player81-648
Player82-649
Player83-650
Player84-Whoops!
Player83-652
Player82-653
Player81-654
Player80-655
Player79-656
Player78-Whoops!
Player79-Whoops!
Player78-659
Player77-660
Player76-661
Player75-662
Player74-663
Player73-664
Player72-Whoops!
Player73-666
Player74-Whoops!
Player73-668
Player72-669
Player71-Whoops!
Player72-Whoops!
Player71-Whoops!
Player72-Whoops!
Player71-Whoops!
Player72-Whoops!
Player71-Whoops!
Player72-Whoops!
Player71-Whoops!
Player72-Whoops!
Player71-680
Player70-681
Player69-682
Player68-683
Player67-684
Player66-685
Player65-Whoops!
Player66-Whoops!
Player65-688
Player64-689
Player63-690
Player62-691
Player61-692
Player60-Whoops!
Player61-694
Player62-695
Player63-696
Player64-Whoops!
Player63-698
Player62-699
Player61-Whoops!
Player62-Whoops!
Player61-Whoops!
Player62-Whoops!
Player61-Whoops!
Player62-Whoops!
Player61-Whoops!
Player62-Whoops!
Player61-Whoops!
Player62-Whoops!
Player61-Whoops!
Player62-Whoops!
Player61-Whoops!
Player62-Whoops!
Player61-Whoops!
Player62-Whoops!
Player61-Whoops!
Player62-Whoops!
Player61-Whoops!
Player62-Whoops!
Player61-Whoops!
Player62-Whoops!
Player61-Whoops!
Player62-Whoops!
Player61-Whoops!
Player62-Whoops!
Player61-Whoops!
Player62-Whoops!
Player61-Whoops!
Player62-Whoops!
Player61-Whoops!
Player62-Whoops!
Player61-Whoops!
Player62-Whoops!
Player61-Whoops!
Player62-Whoops!
Player61-Whoops!
Player62-Whoops!
Player61-Whoops!
Player62-Whoops!
Player61-Whoops!
Player62-Whoops!
Player61-Whoops!
Player62-Whoops!
Player61-Whoops!
Player62-Whoops!
Player61-Whoops!
Player62-Whoops!
Player61-Whoops!
Player62-Whoops!
Player61-Whoops!
Player62-Whoops!
Player61-Whoops!
Player62-Whoops!
Player61-Whoops!
Player62-Whoops!
Player61-Whoops!
Player62-Whoops!
Player61-Whoops!
Player62-Whoops!
Player61-Whoops!
Player62-Whoops!
Player61-Whoops!
Player62-Whoops!
Player61-Whoops!
Player62-Whoops!
Player61-Whoops!
Player62-Whoops!
Player61-Whoops!
Player62-Whoops!
Player61-Whoops!
Player62-Whoops!
Player61-Whoops!
Player62-Whoops!
Player61-Whoops!
Player62-Whoops!
Player61-Whoops!
Player62-Whoops!
Player61-Whoops!
Player62-Whoops!
Player61-Whoops!
Player62-Whoops!
Player61-Whoops!
Player62-Whoops!
Player61-Whoops!
Player62-Whoops!
Player61-Whoops!
Player62-Whoops!
Player61-Whoops!
Player62-Whoops!
Player61-Whoops!
Player62-Whoops!
Player61-Whoops!
Player62-Whoops!
Player61-Whoops!
Player62-Whoops!
Player61-Whoops!
Player62-Whoops!
Player61-Whoops!
Player62-Whoops!
Player61-800
Player60-801
Player59-802
Player58-803
Player57-804
Player56-Whoops!
Player57-806
Player58-Whoops!
Player57-808
Player56-809
Player55-810
Player54-811
Player53-Whoops!
Player54-813
Player55-814
Player56-815
Player57-816
Player58-Whoops!
Player57-818
Player56-Whoops!
Player57-820
Player58-821
Player59-822
Player60-823
Player61-824
Player62-825
Player63-Whoops!
Player62-Whoops!
Player63-828
Player64-829
Player65-830
Player66-831
Player67-832
Player68-Whoops!
Player67-834
Player66-835
Player65-836
Player64-Whoops!
Player65-838
Player66-839
Player67-Whoops!
Player66-841
Player65-842
Player64-843
Player63-844
Player62-845
Player61-846
Player60-Whoops!
Player61-848
Player62-849
Player63-850
Player64-851
Player65-852
Player66-853
Player67-Whoops!
Player66-855
Player65-856
Player64-Whoops!
Player65-858
Player66-859
Player67-860
Player68-Whoops!
Player67-862
Player66-863
Player65-864
Player64-865
Player63-866
Player62-Whoops!
Player63-Whoops!
Player62-869
Player61-Whoops!
Player62-Whoops!
Player61-Whoops!
Player62-Whoops!
Player61-Whoops!
Player62-Whoops!
Player61-Whoops!
Player62-Whoops!
Player61-Whoops!
Player62-Whoops!
Player61-880
Player60-881
Player59-Whoops!
Player60-883
Player61-884
Player62-885
Player63-886
Player64-Whoops!
Player63-888
Player62-Whoops!
Player63-890
Player64-891
Player65-892
Player66-893
Player67-894
Player68-895
Player69-Whoops!
Player68-Whoops!
Player69-898
Player70-899
Player71-900
Player72-901
Player73-902
Player74-Whoops!
Player73-904
Player72-905
Player71-906
Player70-Whoops!
Player71-908
Player72-909
Player73-Whoops!
Player72-911
Player71-912
Player70-913
Player69-914
Player68-915
Player67-916
Player66-Whoops!
Player67-918
Player68-919
Player69-920
Player70-921
Player71-922
Player72-923
Player73-Whoops!
Player72-925
Player71-926
Player70-Whoops!
Player71-928
Player72-929
Player73-930
Player74-Whoops!
Player73-932
Player72-933
Player71-934
Player70-935
Player69-936
Player68-Whoops!
Player69-Whoops!
Player68-939
Player67-940
Player66-941
Player65-942
Player64-943
Player63-944
Player62-Whoops!
Player63-946
Player64-Whoops!
Player63-948
Player62-949
Player61-950
Player60-951
Player59-Whoops!
Player60-953
Player61-954
Player62-955
Player63-956
Player64-Whoops!
Player63-958
Player62-Whoops!
Player63-960
Player64-961
Player65-962
Player66-963
Player67-964
Player68-965
Player69-Whoops!
Player68-Whoops!
Player69-968
Player70-969
Player71-Whoops!
Player70-Whoops!
Player71-Whoops!
Player70-Whoops!
Player71-Whoops!
Player70-Whoops!
Player71-Whoops!
Player70-Whoops!
Player71-Whoops!
Player70-Whoops!
Player71-Whoops!
Player70-981
Player69-982
Player68-983
Player67-984
Player66-985
Player65-986
Player64-Whoops!
Player65-988
Player66-989
Player67-990
Player68-991
Player69-992
Player70-993
Player71-Whoops!
Player70-995
Player69-996
Player68-Whoops!
Player69-998
Player70-999
Player71-1000
Player72-Whoops!
Player71-1002
Player70-1003
Player69-1004
Player68-1005
Player67-Whoops!
Player68-Whoops!
Player67-Whoops!
Player68-1009
Player69-1010
Player70-1011
Player71-1012
Player72-1013
Player73-1014
Player74-Whoops!
Player73-1016
Player72-Whoops!
Player73-1018
Player74-1019
Player75-1020
Player76-1021
Player77-Whoops!
Player76-1023
Player75-Whoops!
Player76-1025
Player77-1026
Player78-Whoops!
Player77-1028
Player76-Whoops!
Player77-1030
Player78-1031
Player79-1032
Player80-Whoops!
Player79-1034
Player78-1035
Player77-Whoops!
Player78-Whoops!
Player77-1038
Player76-1039
Player75-1040
Player74-1041
Player73-Whoops!
Player74-Whoops!
Player73-1044
Player72-1045
Player71-1046
Player70-Whoops!
Player71-1048
Player72-1049
Player73-Whoops!
Player72-Whoops!
Player73-1052
Player74-1053
Player75-1054
Player76-1055
Player77-1056
Player78-Whoops!
Player77-1058
Player76-1059
Player75-Whoops!
Player76-1061
Player77-1062
Player78-1063
Player79-Whoops!
Player78-1065
Player77-1066
Player76-Whoops!
Player77-1068
Player78-1069
Player79-Whoops!
Player78-Whoops!
Player79-Whoops!
Player78-Whoops!
Player79-Whoops!
Player78-Whoops!
Player79-Whoops!
Player78-Whoops!
Player79-Whoops!
Player78-Whoops!
Player79-1080
Player80-1081
Player81-1082
Player82-1083
Player83-1084
Player84-Whoops!
Player83-1086
Player82-Whoops!
Player83-1088
Player84-1089
Player85-1090
Player86-1091
Player87-Whoops!
Player86-1093
Player85-1094
Player84-1095
Player83-1096
Player82-Whoops!
Player83-1098
Player84-Whoops!
Player83-1100
Player82-1101
Player81-1102
Player80-1103
Player79-1104
Player78-Whoops!
Player79-Whoops!
Player78-Whoops!
Player79-1108
Player80-1109
Player81-1110
Player82-1111
Player83-1112
Player84-Whoops!
Player83-Whoops!
Player84-1115
Player85-1116
Player86-Whoops!
Player85-1118
Player84-1119
Player83-Whoops!
Player84-1121
Player85-1122
Player86-Whoops!
Player85-1124
Player84-1125
Player83-1126
Player82-Whoops!
Player83-1128
Player84-1129
Player85-1130
Player86-1131
Player87-Whoops!
Player86-1133
Player85-Whoops!
Player86-1135
Player87-1136
Player88-Whoops!
Player87-1138
Player86-1139
Player85-1140
Player84-Whoops!
Player85-1142
Player86-1143
Player87-1144
Player88-1145
Player89-1146
Player90-Whoops!
Player89-Whoops!
Player90-1149
Player91-Whoops!
Player90-1151
Player89-1152
Player88-1153
Player87-1154
Player86-Whoops!
Player87-1156
Player88-Whoops!
Player87-1158
Player86-1159
Player85-1160
Player84-1161
Player83-Whoops!
Player84-1163
Player85-1164
Player86-1165
Player87-1166
Player88-Whoops!
Player87-1168
Player86-Whoops!
Player87-Whoops!
Player86-Whoops!
Player87-Whoops!
Player86-Whoops!
Player87-Whoops!
Player86-Whoops!
Player87-Whoops!
Player86-Whoops!
Player87-Whoops!
Player86-Whoops!
Player87-1180
Player88-1181
Player89-1182
Player90-Whoops!
Player89-1184
Player88-1185
Player87-1186
Player86-Whoops!
Player87-1188
Player88-1189
Player89-Whoops!
Player88-1191
Player87-1192
Player86-1193
Player85-1194
Player84-1195
Player83-1196
Player82-Whoops!
Player83-1198
Player84-1199
Player85-1200
Player86-1201
Player87-1202
Player88-1203
Player89-Whoops!
Player88-1205
Player87-1206
Player86-Whoops!
Player87-1208
Player88-1209
Player89-1210
Player90-Whoops!
Player89-1212
Player88-Whoops!
Player89-1214
Player90-1215
Player91-1216
Player92-Whoops!
Player91-Whoops!
Player92-1219
Player93-1220
Player94-1221
Player95-Whoops!
Player94-1223
Player93-1224
Player92-Whoops!
Player93-1226
Player94-Whoops!
Player93-1228
Player92-1229
Player91-1230
Player90-Whoops!
Player91-Whoops!
Player90-1233
Player89-1234
Player88-1235
Player87-1236
Player86-Whoops!
Player87-1238
Player88-Whoops!
Player87-Whoops!
Player88-1241
Player89-1242
Player90-1243
Player91-1244
Player92-1245
Player93-Whoops!
Player92-Whoops!
Player93-1248
Player94-1249
Player95-1250
Player96-1251
Player97-1252
Player98-Whoops!
Player97-1254
Player96-1255
Player95-1256
Player94-Whoops!
Player95-1258
Player96-1259
Player97-Whoops!
Player96-1261
Player95-1262
Player94-1263
Player93-1264
Player92-1265
Player91-1266
Player90-Whoops!
Player91-1268
Player92-1269
Player93-Whoops!
Player92-Whoops!
Player93-Whoops!
Player92-Whoops!
Player93-Whoops!
Player92-Whoops!
Player93-Whoops!
Player92-Whoops!
Player93-Whoops!
Player92-Whoops!
Player93-1280
Player94-Whoops!
Player93-1282
Player92-1283
Player91-1284
Player90-1285
Player89-1286
Player88-Whoops!
Player89-Whoops!
Player88-1289
Player87-1290
Player86-1291
Player85-1292
Player84-1293
Player83-1294
Player82-Whoops!
Player83-1296
Player84-Whoops!
Player83-1298
Player82-1299
Player81-1300
Player80-1301
Player79-Whoops!
Player80-Whoops!
Player79-1304
Player78-1305
Player77-1306
Player76-Whoops!
Player77-1308
Player78-Whoops!
Player77-1310
Player76-1311
Player75-Whoops!
Player76-1313
Player77-1314
Player78-1315
Player79-Whoops!
Player78-Whoops!
Player79-1318
Player80-1319
Player81-1320
Player82-Whoops!
Player81-1322
Player80-Whoops!
Player81-1324
Player82-1325
Player83-1326
Player84-Whoops!
Player83-1328
Player82-1329
Player81-Whoops!
Player82-1331
Player83-1332
Player84-1333
Player85-1334
Player86-1335
Player87-1336
Player88-Whoops!
Player87-1338
Player86-1339
Player85-1340
Player84-1341
Player83-1342
Player82-1343
Player81-Whoops!
Player82-1345
Player83-1346
Player84-Whoops!
Player83-1348
Player82-1349
Player81-1350
Player80-Whoops!
Player81-1352
Player82-1353
Player83-1354
Player84-1355
Player85-1356
Player86-Whoops!
Player85-Whoops!
Player86-1359
Player87-1360
Player88-1361
Player89-1362
Player90-1363
Player91-1364
Player92-Whoops!
Player91-1366
Player90-Whoops!
Player91-1368
Player92-1369
Player93-Whoops!
Player92-Whoops!
Player93-Whoops!
Player92-Whoops!
Player93-Whoops!
Player92-Whoops!
Player93-Whoops!
Player92-Whoops!
Player93-Whoops!
Player92-Whoops!
Player93-1380
Player94-1381
Player95-1382
Player96-1383
Player97-1384
Player98-1385
Player99-Whoops!
Player98-Whoops!
Player99-1388
Player1-1389
Player2-1390
Player3-1391
Player4-1392
Player5-Whoops!
Player4-1394
Player3-1395
Player2-1396
Player1-Whoops!
Player2-1398
Player3-1399
Player4-Whoops!
Player3-1401
Player2-Whoops!
Player3-1403
Player4-1404
Player5-1405
Player6-1406
Player7-Whoops!
Player6-1408
Player5-1409
Player4-1410
Player3-Whoops!
Player4-1412
Player5-1413
Player6-Whoops!
Player5-1415
Player4-1416
Player3-Whoops!
Player4-1418
Player5-1419
Player6-Whoops!
Player5-Whoops!
Player6-1422
Player7-1423
Player8-1424
Player9-1425
Player10-1426
Player11-Whoops!
Player10-Whoops!
Player11-1429
Player12-1430
Player13-1431
Player14-1432
Player15-1433
Player16-1434
Player17-Whoops!
Player16-1436
Player15-Whoops!
Player16-1438
Player17-1439
Player18-1440
Player19-1441
Player20-Whoops!
Player19-1443
Player18-1444
Player17-1445
Player16-1446
Player15-Whoops!
Player16-1448
Player17-Whoops!
Player16-1450
Player15-1451
Player14-1452
Player13-1453
Player12-1454
Player11-1455
Player10-Whoops!
Player11-Whoops!
Player10-1458
Player9-1459
Player8-1460
Player7-1461
Player6-1462
Player5-Whoops!
Player6-1464
Player7-1465
Player8-1466
Player9-Whoops!
Player8-1468
Player7-1469
Player6-Whoops!
Player7-Whoops!
Player6-Whoops!
Player7-Whoops!
Player6-Whoops!
Player7-Whoops!
Player6-Whoops!
Player7-Whoops!
Player6-Whoops!
Player7-Whoops!
Player6-1480
Player5-1481
Player4-1482
Player3-1483
Player2-Whoops!
Player3-1485
Player4-1486
Player5-Whoops!
Player4-1488
Player3-1489
Player2-1490
Player1-Whoops!
Player2-1492
Player3-1493
Player4-1494
Player5-1495
Player6-1496
Player7-Whoops!
Player6-Whoops!
Player7-1499
Player8-1500
Player9-Whoops!
Player8-1502
Player7-1503
Player6-1504
Player5-Whoops!
Player6-1506
Player7-Whoops!
Player6-1508
Player5-1509
Player4-Whoops!
Player5-1511
Player6-Whoops!
Player5-1513
Player4-1514
Player3-1515
Player2-1516
Player1-Whoops!
Player2-1518
Player3-Whoops!
Player2-1520
Player1-1521
Player99-1522
Player98-1523
Player97-1524
Player96-1525
Player95-Whoops!
Player96-Whoops!
Player95-1528
Player94-1529
Player93-1530
Player92-1531
Player91-1532
Player90-Whoops!
Player91-1534
Player92-1535
Player93-1536
Player94-Whoops!
Player93-1538
Player92-1539
Player91-Whoops!
Player92-1541
Player93-1542
Player94-1543
Player95-1544
Player96-1545
Player97-1546
Player98-Whoops!
Player97-1548
Player96-1549
Player95-1550
Player94-1551
Player93-1552
Player92-1553
Player91-Whoops!
Player92-1555
Player93-1556
Player94-Whoops!
Player93-1558
Player92-1559
Player91-1560
Player90-Whoops!
Player91-1562
Player92-1563
Player93-1564
Player94-1565
Player95-1566
Player96-Whoops!
Player95-Whoops!
Player96-1569
Player97-Whoops!
Player96-Whoops!
Player97-Whoops!
Player96-Whoops!
Player97-Whoops!
Player96-Whoops!
Player97-Whoops!
Player96-Whoops!
Player97-Whoops!
Player96-Whoops!
Player97-1580
Player98-1581
Player99-Whoops!
Player98-1583
Player97-1584
Player96-1585
Player95-1586
Player94-Whoops!
Player95-1588
Player96-Whoops!
Player95-1590
Player94-1591
Player93-1592
Player92-1593
Player91-1594
Player90-1595
Player89-Whoops!
Player90-Whoops!
Player89-1598
Player88-1599
Player87-Whoops!
Player88-1601
Player89-1602
Player90-Whoops!
Player89-1604
Player88-1605
Player87-1606
Player86-Whoops!
Player87-1608
Player88-1609
Player89-Whoops!
Player88-1611
Player87-1612
Player86-1613
Player85-1614
Player84-1615
Player83-1616
Player82-Whoops!
Player83-1618
Player84-1619
Player85-1620
Player86-1621
Player87-1622
Player88-1623
Player89-Whoops!
Player88-1625
Player87-1626
Player86-Whoops!
Player87-1628
Player88-1629
Player89-1630
Player90-Whoops!
Player89-1632
Player88-1633
Player87-1634
Player86-1635
Player85-1636
Player84-Whoops!
Player85-Whoops!
Player84-1639
Player83-1640
Player82-1641
Player81-1642
Player80-1643
Player79-1644
Player78-Whoops!
Player79-1646
Player80-Whoops!
Player79-1648
Player78-1649
Player77-1650
Player76-1651
Player75-Whoops!
Player76-1653
Player77-1654
Player78-1655
Player79-1656
Player80-Whoops!
Player79-1658
Player78-Whoops!
Player79-1660
Player80-1661
Player81-1662
Player82-1663
Player83-1664
Player84-1665
Player85-Whoops!
Player84-Whoops!
Player85-1668
Player86-1669
Player87-Whoops!
Player86-Whoops!
Player87-Whoops!
Player86-Whoops!
Player87-Whoops!
Player86-Whoops!
Player87-Whoops!
Player86-Whoops!
Player87-Whoops!
Player86-Whoops!
Player87-Whoops!
Player86-1681
Player85-1682
Player84-1683
Player83-1684
Player82-1685
Player81-1686
Player80-Whoops!
Player81-1688
Player82-1689
Player83-1690
Player84-1691
Player85-1692
Player86-1693
Player87-Whoops!
Player86-1695
Player85-1696
Player84-Whoops!
Player85-1698
Player86-1699
Player87-Whoops!
Player86-Whoops!
Player87-Whoops!
Player86-Whoops!
Player87-Whoops!
Player86-Whoops!
Player87-Whoops!
Player86-Whoops!
Player87-Whoops!
Player86-Whoops!
Player87-Whoops!
Player86-Whoops!
Player87-Whoops!
Player86-Whoops!
Player87-Whoops!
Player86-Whoops!
Player87-Whoops!
Player86-Whoops!
Player87-Whoops!
Player86-Whoops!
Player87-Whoops!
Player86-Whoops!
Player87-Whoops!
Player86-Whoops!
Player87-Whoops!
Player86-Whoops!
Player87-Whoops!
Player86-Whoops!
Player87-Whoops!
Player86-Whoops!
Player87-Whoops!
Player86-Whoops!
Player87-Whoops!
Player86-Whoops!
Player87-Whoops!
Player86-Whoops!
Player87-Whoops!
Player86-Whoops!
Player87-Whoops!
Player86-Whoops!
Player87-Whoops!
Player86-Whoops!
Player87-Whoops!
Player86-Whoops!
Player87-Whoops!
Player86-Whoops!
Player87-Whoops!
Player86-Whoops!
Player87-Whoops!
Player86-Whoops!
Player87-Whoops!
Player86-Whoops!
Player87-Whoops!
Player86-Whoops!
Player87-Whoops!
Player86-Whoops!
Player87-Whoops!
Player86-Whoops!
Player87-Whoops!
Player86-Whoops!
Player87-Whoops!
Player86-Whoops!
Player87-Whoops!
Player86-Whoops!
Player87-Whoops!
Player86-Whoops!
Player87-Whoops!
Player86-Whoops!
Player87-Whoops!
Player86-Whoops!
Player87-Whoops!
Player86-Whoops!
Player87-Whoops!
Player86-Whoops!
Player87-Whoops!
Player86-Whoops!
Player87-Whoops!
Player86-Whoops!
Player87-Whoops!
Player86-Whoops!
Player87-Whoops!
Player86-Whoops!
Player87-Whoops!
Player86-Whoops!
Player87-Whoops!
Player86-Whoops!
Player87-Whoops!
Player86-Whoops!
Player87-Whoops!
Player86-Whoops!
Player87-Whoops!
Player86-Whoops!
Player87-Whoops!
Player86-Whoops!
Player87-Whoops!
Player86-Whoops!
Player87-Whoops!
Player86-Whoops!
Player87-Whoops!
Player86-Whoops!
Player87-1800
Player88-1801
Player89-1802
Player90-1803
Player91-1804
Player92-1805
Player93-Whoops!
Player92-Whoops!
Player93-1808
Player94-1809
Player95-1810
Player96-1811
Player97-1812
Player98-Whoops!
Player97-1814
Player96-1815
Player95-1816
Player94-Whoops!
Player95-1818
Player96-1819
Player97-Whoops!
Player96-1821
Player95-1822
Player94-1823
Player93-1824
Player92-1825
Player91-1826
Player90-Whoops!
Player91-1828
Player92-1829
Player93-1830
Player94-1831
Player95-1832
Player96-1833
Player97-Whoops!
Player96-1835
Player95-1836
Player94-Whoops!
Player95-1838
Player96-1839
Player97-1840
Player98-Whoops!
Player97-1842
Player96-1843
Player95-1844
Player94-1845
Player93-1846
Player92-Whoops!
Player93-Whoops!
Player92-1849
Player91-1850
Player90-1851
Player89-1852
Player88-1853
Player87-1854
Player86-Whoops!
Player87-1856
Player88-Whoops!
Player87-1858
Player86-1859
Player85-1860
Player84-1861
Player83-Whoops!
Player84-1863
Player85-1864
Player86-1865
Player87-1866
Player88-Whoops!
Player87-1868
Player86-Whoops!
Player87-Whoops!
Player86-Whoops!
Player87-Whoops!
Player86-Whoops!
Player87-Whoops!
Player86-Whoops!
Player87-Whoops!
Player86-Whoops!
Player87-Whoops!
Player86-Whoops!
Player87-1880
Player88-1881
Player89-1882
Player90-Whoops!
Player89-1884
Player88-1885
Player87-1886
Player86-Whoops!
Player87-1888
Player88-1889
Player89-Whoops!
Player88-1891
Player87-1892
Player86-1893
Player85-1894
Player84-1895
Player83-1896
Player82-Whoops!
Player83-1898
Player84-1899
Player85-1900
Player86-1901
Player87-1902
Player88-1903
Player89-Whoops!
Player88-1905
Player87-1906
Player86-Whoops!
Player87-1908
Player88-1909
Player89-1910
Player90-Whoops!
Player89-1912
Player88-1913
Player87-1914
Player86-1915
Player85-1916
Player84-Whoops!
Player85-Whoops!
Player84-1919
Player83-1920
Player82-1921
Player81-1922
Player80-1923
Player79-1924
Player78-Whoops!
Player79-1926
Player80-Whoops!
Player79-1928
Player78-1929
Player77-1930
Player76-1931
Player75-Whoops!
Player76-1933
Player77-1934
Player78-1935
Player79-1936
Player80-Whoops!
Player79-1938
Player78-Whoops!
Player79-1940
Player80-1941
Player81-1942
Player82-1943
Player83-1944
Player84-1945
Player85-Whoops!
Player84-Whoops!
Player85-1948
Player86-1949
Player87-1950
Player88-1951
Player89-1952
Player90-Whoops!
Player89-1954
Player88-1955
Player87-1956
Player86-Whoops!
Player87-1958
Player88-1959
Player89-Whoops!
Player88-1961
Player87-1962
Player86-1963
Player85-1964
Player84-1965
Player83-1966
Player82-Whoops!
Player83-1968
Player84-1969
Player85-Whoops!
Player84-Whoops!
Player85-Whoops!
Player84-Whoops!
Player85-Whoops!
Player84-Whoops!
Player85-Whoops!
Player84-Whoops!
Player85-Whoops!
Player84-Whoops!
Player85-1980
Player86-Whoops!
Player85-1982
Player84-1983
Player83-1984
Player82-1985
Player81-1986
Player80-Whoops!
Player81-Whoops!
Player80-1989
Player79-1990
Player78-1991
Player77-1992
Player76-1993
Player75-1994
Player74-Whoops!
Player75-1996
Player76-Whoops!
Player75-1998
Player74-1999
Player73-2000
Player72-2001
Player71-Whoops!
Player72-2003
Player73-2004
Player74-Whoops!
Player73-2006
Player72-Whoops!
Player73-2008
Player74-Whoops!
Player73-2010
Player72-2011
Player71-2012
Player70-2013
Player69-Whoops!
Player70-2015
Player71-Whoops!
Player70-Whoops!
Player71-2018
Player72-2019
Player73-2020
Player74-2021
Player75-2022
Player76-Whoops!
Player75-2024
Player74-2025
Player73-2026
Player72-Whoops!
Player73-2028
Player74-2029
Player75-Whoops!
Player74-2031
Player73-Whoops!
Player74-2033
Player75-2034
Player76-2035
Player77-2036
Player78-Whoops!
Player77-2038
Player76-2039
Player75-2040
Player74-Whoops!
Player75-2042
Player76-2043
Player77-Whoops!
Player76-2045
Player75-2046
Player74-Whoops!
Player75-2048
Player76-2049
Player77-Whoops!
Player76-Whoops!
Player77-2052
Player78-2053
Player79-2054
Player80-2055
Player81-2056
Player82-Whoops!
Player81-Whoops!
Player82-2059
Player83-2060
Player84-2061
Player85-2062
Player86-2063
Player87-2064
Player88-Whoops!
Player87-2066
Player86-Whoops!
Player87-2068
Player88-2069
Player89-Whoops!
Player88-Whoops!
Player89-Whoops!
Player88-Whoops!
Player89-Whoops!
Player88-Whoops!
Player89-Whoops!
Player88-Whoops!
Player89-Whoops!
Player88-Whoops!
Player89-2080
Player90-2081
Player91-2082
Player92-2083
Player93-2084
Player94-2085
Player95-Whoops!
Player94-Whoops!
Player95-2088
Player96-2089
Player97-2090
Player98-2091
Player99-2092
Player1-Whoops!
Player99-2094
Player98-2095
Player97-2096
Player96-Whoops!
Player97-2098
Player98-2099
Player99-Whoops!
Player98-2101
Player97-2102
Player96-2103
Player95-Whoops!
Player96-2105
Player97-2106
Player98-Whoops!
Player97-2108
Player96-2109
Player95-2110
Player94-2111
Player93-2112
Player92-Whoops!
Player93-Whoops!
Player92-2115
Player91-2116
Player90-Whoops!
Player91-2118
Player92-2119
Player93-2120
Player94-Whoops!
Player93-Whoops!
Player94-2123
Player95-2124
Player96-2125
Player97-2126
Player98-Whoops!
Player97-Whoops!
Player98-2129
Player99-2130
Player1-Whoops!
Player99-2132
Player98-2133
Player97-2134
Player96-Whoops!
Player97-2136
Player98-Whoops!
Player97-2138
Player96-2139
Player95-Whoops!
Player96-2141
Player97-Whoops!
Player96-2143
Player95-2144
Player94-2145
Player93-2146
Player92-Whoops!
Player93-2148
Player94-Whoops!
Player93-2150
Player92-2151
Player91-2152
Player90-2153
Player89-2154
Player88-2155
Player87-Whoops!
Player88-Whoops!
Player87-2158
Player86-2159
Player85-2160
Player84-2161
Player83-2162
Player82-Whoops!
Player83-2164
Player84-2165
Player85-2166
Player86-Whoops!
Player85-2168
Player84-2169
Player83-Whoops!
Player84-Whoops!
Player83-Whoops!
Player84-Whoops!
Player83-Whoops!
Player84-Whoops!
Player83-Whoops!
Player84-Whoops!
Player83-Whoops!
Player84-Whoops!
Player83-2180
Player82-2181
Player81-2182
Player80-2183
Player79-Whoops!
Player80-2185
Player81-2186
Player82-Whoops!
Player81-2188
Player80-2189
Player79-2190
Player78-Whoops!
Player79-2192
Player80-2193
Player81-2194
Player82-2195
Player83-2196
Player84-Whoops!
Player83-Whoops!
Player84-2199
Player85-2200
Player86-2201
Player87-2202
Player88-Whoops!
Player87-2204
Player86-Whoops!
Player87-2206
Player88-Whoops!
Player87-2208
Player86-2209
Player85-2210
Player84-2211
Player83-Whoops!
Player84-2213
Player85-2214
Player86-2215
Player87-2216
Player88-Whoops!
Player87-2218
Player86-Whoops!
Player87-2220
Player88-Whoops!
Player87-2222
Player86-2223
Player85-2224
Player84-2225
Player83-Whoops!
Player84-Whoops!
Player83-2228
Player82-2229
Player81-Whoops!
Player82-2231
Player83-2232
Player84-Whoops!
Player83-2234
Player82-2235
Player81-2236
Player80-Whoops!
Player81-2238
Player82-2239
Player83-Whoops!
Player82-2241
Player81-2242
Player80-2243
Player79-2244
Player78-2245
Player77-2246
Player76-Whoops!
Player77-2248
Player78-2249
Player79-2250
Player80-2251
Player81-2252
Player82-2253
Player83-Whoops!
Player82-2255
Player81-2256
Player80-Whoops!
Player81-2258
Player82-2259
Player83-2260
Player84-Whoops!
Player83-2262
Player82-2263
Player81-2264
Player80-2265
Player79-2266
Player78-Whoops!
Player79-Whoops!
Player78-2269
Player77-Whoops!
Player78-Whoops!
Player77-Whoops!
Player78-Whoops!
Player77-Whoops!
Player78-Whoops!
Player77-Whoops!
Player78-Whoops!
Player77-Whoops!
Player78-Whoops!
Player77-2280
Player76-2281
Player75-Whoops!
Player76-2283
Player77-2284
Player78-2285
Player79-2286
Player80-Whoops!
Player79-2288
Player78-Whoops!
Player79-2290
Player80-2291
Player81-2292
Player82-2293
Player83-2294
Player84-2295
Player85-Whoops!
Player84-Whoops!
Player85-2298
Player86-2299
Player87-2300
Player88-2301
Player89-Whoops!
Player88-Whoops!
Player89-2304
Player90-2305
Player91-2306
Player92-Whoops!
Player91-2308
Player90-2309
Player89-Whoops!
Player90-Whoops!
Player89-2312
Player88-2313
Player87-2314
Player86-2315
Player85-2316
Player84-Whoops!
Player85-2318
Player86-2319
Player87-Whoops!
Player86-2321
Player85-2322
Player84-2323
Player83-Whoops!
Player84-2325
Player85-2326
Player86-Whoops!
Player85-2328
Player84-2329
Player83-2330
Player82-Whoops!
Player83-2332
Player84-2333
Player85-2334
Player86-2335
Player87-2336
Player88-Whoops!
Player87-Whoops!
Player88-2339
Player89-2340
Player90-2341
Player91-2342
Player92-2343
Player93-2344
Player94-Whoops!
Player93-2346
Player92-Whoops!
Player93-2348
Player94-2349
Player95-2350
Player96-2351
Player97-Whoops!
Player96-2353
Player95-2354
Player94-2355
Player93-2356
Player92-Whoops!
Player93-2358
Player94-Whoops!
Player93-2360
Player92-2361
Player91-2362
Player90-2363
Player89-2364
Player88-2365
Player87-Whoops!
Player88-Whoops!
Player87-2368
Player86-2369
Player85-Whoops!
Player86-Whoops!
Player85-Whoops!
Player86-Whoops!
Player85-Whoops!
Player86-Whoops!
Player85-Whoops!
Player86-Whoops!
Player85-Whoops!
Player86-Whoops!
Player85-Whoops!
Player86-2381
Player87-2382
Player88-2383
Player89-2384
Player90-2385
Player91-2386
Player92-Whoops!
Player91-2388
Player90-2389
Player89-2390
Player88-2391
Player87-2392
Player86-2393
Player85-Whoops!
Player86-2395
Player87-2396
Player88-Whoops!
Player87-2398
Player86-2399
Player85-2400
Player84-Whoops!
Player85-2402
Player86-2403
Player87-2404
Player88-2405
Player89-2406
Player90-Whoops!
Player89-Whoops!
Player90-2409
Player91-Whoops!
Player90-2411
Player89-2412
Player88-2413
Player87-2414
Player86-Whoops!
Player87-2416
Player88-Whoops!
Player87-2418
Player86-2419
Player85-2420
Player84-2421
Player83-Whoops!
Player84-2423
Player85-2424
Player86-2425
Player87-2426
Player88-Whoops!
Player87-2428
Player86-Whoops!
Player87-2430
Player88-2431
Player89-2432
Player90-2433
Player91-2434
Player92-2435
Player93-Whoops!
Player92-Whoops!
Player93-2438
Player94-2439
Player95-2440
Player96-2441
Player97-2442
Player98-Whoops!
Player97-2444
Player96-2445
Player95-2446
Player94-Whoops!
Player95-2448
Player96-2449
Player97-Whoops!
Player96-2451
Player95-2452
Player94-2453
Player93-2454
Player92-2455
Player91-2456
Player90-Whoops!
Player91-2458
Player92-2459
Player93-2460
Player94-2461
Player95-2462
Player96-2463
Player97-Whoops!
Player96-2465
Player95-2466
Player94-Whoops!
Player95-2468
Player96-2469
Player97-Whoops!
Player96-Whoops!
Player97-Whoops!
Player96-Whoops!
Player97-Whoops!
Player96-Whoops!
Player97-Whoops!
Player96-Whoops!
Player97-Whoops!
Player96-Whoops!
Player97-2480
Player98-2481
Player99-2482
Player1-2483
Player2-2484
Player3-Whoops!
Player2-2486
Player1-Whoops!
Player2-2488
Player3-2489
Player4-2490
Player5-2491
Player6-Whoops!
Player5-2493
Player4-2494
Player3-2495
Player2-2496
Player1-Whoops!
Player2-2498
Player3-Whoops!
Player2-Whoops!
Player3-2501
Player4-2502
Player5-2503
Player6-2504
Player7-2505
Player8-Whoops!
Player7-Whoops!
Player8-2508
Player9-2509
Player10-2510
Player11-2511
Player12-2512
Player13-Whoops!
Player12-2514
Player11-2515
Player10-2516
Player9-Whoops!
Player10-2518
Player11-2519
Player12-Whoops!
Player11-2521
Player10-2522
Player9-2523
Player8-2524
Player7-2525
Player6-2526
Player5-Whoops!
Player6-2528
Player7-2529
Player8-2530
Player9-2531
Player10-2532
Player11-2533
Player12-Whoops!
Player11-2535
Player10-2536
Player9-Whoops!
Player10-2538
Player11-2539
Player12-2540
Player13-Whoops!
Player12-2542
Player11-2543
Player10-2544
Player9-2545
Player8-2546
Player7-Whoops!
Player8-Whoops!
Player7-2549
Player6-2550
Player5-2551
Player4-2552
Player3-2553
Player2-2554
Player1-Whoops!
Player2-2556
Player3-Whoops!
Player2-2558
Player1-2559
Player99-2560
Player98-2561
Player97-Whoops!
Player98-2563
Player99-2564
Player1-2565
Player2-2566
Player3-Whoops!
Player2-2568
Player1-Whoops!
Player2-Whoops!
Player1-Whoops!
Player2-Whoops!
Player1-Whoops!
Player2-Whoops!
Player1-Whoops!
Player2-Whoops!
Player1-Whoops!
Player2-Whoops!
Player1-Whoops!
Player2-2580
Player3-2581
Player4-2582
Player5-Whoops!
Player4-2584
Player3-2585
Player2-2586
Player1-Whoops!
Player2-2588
Player3-2589
Player4-Whoops!
Player3-2591
Player2-2592
Player1-2593
Player99-2594
Player98-2595
Player97-2596
Player96-Whoops!
Player97-2598
Player98-2599
Player99-2600
Player1-2601
Player2-2602
Player3-2603
Player4-Whoops!
Player3-2605
Player2-2606
Player1-Whoops!
Player2-2608
Player3-2609
Player4-2610
Player5-Whoops!
Player4-2612
Player3-2613
Player2-2614
Player1-2615
Player99-2616
Player98-Whoops!
Player99-Whoops!
Player98-2619
Player97-2620
Player96-2621
Player95-2622
Player94-2623
Player93-2624
Player92-Whoops!
Player93-2626
Player94-Whoops!
Player93-2628
Player92-2629
Player91-2630
Player90-2631
Player89-Whoops!
Player90-2633
Player91-2634
Player92-2635
Player93-2636
Player94-Whoops!
Player93-2638
Player92-Whoops!
Player93-2640
Player94-2641
Player95-2642
Player96-2643
Player97-2644
Player98-2645
Player99-Whoops!
Player98-Whoops!
Player99-2648
Player1-2649
Player2-2650
Player3-2651
Player4-2652
Player5-Whoops!
Player4-2654
Player3-2655
Player2-2656
Player1-Whoops!
Player2-2658
Player3-2659
Player4-Whoops!
Player3-2661
Player2-2662
Player1-2663
Player99-2664
Player98-2665
Player97-2666
Player96-Whoops!
Player97-2668
Player98-2669
Player99-Whoops!
Player98-Whoops!
Player99-Whoops!
Player98-Whoops!
Player99-Whoops!
Player98-Whoops!
Player99-Whoops!
Player98-Whoops!
Player99-Whoops!
Player98-Whoops!
Player99-2680
Player1-Whoops!
Player99-2682
Player98-2683
Player97-2684
Player96-2685
Player95-2686
Player94-Whoops!
Player95-Whoops!
Player94-2689
Player93-2690
Player92-2691
Player91-2692
Player90-2693
Player89-2694
Player88-Whoops!
Player89-2696
Player90-Whoops!
Player89-2698
Player88-2699
Player87-Whoops!
Player88-Whoops!
Player87-Whoops!
Player88-Whoops!
Player87-Whoops!
Player88-Whoops!
Player87-Whoops!
Player88-Whoops!
Player87-Whoops!
Player88-Whoops!
Player87-Whoops!
Player88-Whoops!
Player87-Whoops!
Player88-Whoops!
Player87-Whoops!
Player88-Whoops!
Player87-Whoops!
Player88-Whoops!
Player87-Whoops!
Player88-Whoops!
Player87-Whoops!
Player88-Whoops!
Player87-Whoops!
Player88-Whoops!
Player87-Whoops!
Player88-Whoops!
Player87-Whoops!
Player88-Whoops!
Player87-Whoops!
Player88-Whoops!
Player87-Whoops!
Player88-Whoops!
Player87-Whoops!
Player88-Whoops!
Player87-Whoops!
Player88-Whoops!
Player87-Whoops!
Player88-Whoops!
Player87-Whoops!
Player88-Whoops!
Player87-Whoops!
Player88-Whoops!
Player87-Whoops!
Player88-Whoops!
Player87-Whoops!
Player88-Whoops!
Player87-Whoops!
Player88-Whoops!
Player87-Whoops!
Player88-Whoops!
Player87-Whoops!
Player88-Whoops!
Player87-Whoops!
Player88-Whoops!
Player87-Whoops!
Player88-Whoops!
Player87-Whoops!
Player88-Whoops!
Player87-Whoops!
Player88-Whoops!
Player87-Whoops!
Player88-Whoops!
Player87-Whoops!
Player88-Whoops!
Player87-Whoops!
Player88-Whoops!
Player87-Whoops!
Player88-Whoops!
Player87-Whoops!
Player88-Whoops!
Player87-Whoops!
Player88-Whoops!
Player87-Whoops!
Player88-Whoops!
Player87-Whoops!
Player88-Whoops!
Player87-Whoops!
Player88-Whoops!
Player87-Whoops!
Player88-Whoops!
Player87-Whoops!
Player88-Whoops!
Player87-Whoops!
Player88-Whoops!
Player87-Whoops!
Player88-Whoops!
Player87-Whoops!
Player88-Whoops!
Player87-Whoops!
Player88-Whoops!
Player87-Whoops!
Player88-Whoops!
Player87-Whoops!
Player88-Whoops!
Player87-Whoops!
Player88-Whoops!
Player87-Whoops!
Player88-Whoops!
Player87-Whoops!
Player88-Whoops!
Player87-Whoops!
Player88-2801
Player89-2802
Player90-2803
Player91-2804
Player92-2805
Player93-2806
Player94-Whoops!
Player93-2808
Player92-2809
Player91-2810
Player90-2811
Player89-2812
Player88-2813
Player87-Whoops!
Player88-2815
Player89-2816
Player90-Whoops!
Player89-2818
Player88-2819
Player87-2820
Player86-Whoops!
Player87-2822
Player88-2823
Player89-2824
Player90-2825
Player91-2826
Player92-Whoops!
Player91-Whoops!
Player92-2829
Player93-2830
Player94-2831
Player95-2832
Player96-2833
Player97-2834
Player98-Whoops!
Player97-2836
Player96-Whoops!
Player97-2838
Player98-2839
Player99-2840
Player1-2841
Player2-Whoops!
Player1-2843
Player99-2844
Player98-2845
Player97-2846
Player96-Whoops!
Player97-2848
Player98-Whoops!
Player97-2850
Player96-2851
Player95-2852
Player94-2853
Player93-2854
Player92-2855
Player91-Whoops!
Player92-Whoops!
Player91-2858
Player90-2859
Player89-2860
Player88-2861
Player87-2862
Player86-Whoops!
Player87-2864
Player88-2865
Player89-2866
Player90-Whoops!
Player89-2868
Player88-2869
Player87-Whoops!
Player88-Whoops!
Player87-Whoops!
Player88-Whoops!
Player87-Whoops!
Player88-Whoops!
Player87-Whoops!
Player88-Whoops!
Player87-Whoops!
Player88-Whoops!
Player87-2880
Player86-2881
Player85-2882
Player84-2883
Player83-Whoops!
Player84-2885
Player85-2886
Player86-Whoops!
Player85-2888
Player84-2889
Player83-2890
Player82-Whoops!
Player83-2892
Player84-2893
Player85-2894
Player86-2895
Player87-2896
Player88-Whoops!
Player87-Whoops!
Player88-2899
Player89-2900
Player90-2901
Player91-2902
Player92-2903
Player93-2904
Player94-Whoops!
Player93-2906
Player92-Whoops!
Player93-2908
Player94-2909
Player95-2910
Player96-2911
Player97-Whoops!
Player96-2913
Player95-2914
Player94-2915
Player93-2916
Player92-Whoops!
Player93-2918
Player94-Whoops!
Player93-2920
Player92-2921
Player91-2922
Player90-2923
Player89-2924
Player88-2925
Player87-Whoops!
Player88-Whoops!
Player87-2928
Player86-2929
Player85-2930
Player84-2931
Player83-2932
Player82-Whoops!
Player83-2934
Player84-2935
Player85-2936
Player86-Whoops!
Player85-2938
Player84-2939
Player83-Whoops!
Player84-2941
Player85-2942
Player86-2943
Player87-2944
Player88-2945
Player89-2946
Player90-Whoops!
Player89-2948
Player88-2949
Player87-2950
Player86-2951
Player85-2952
Player84-2953
Player83-Whoops!
Player84-2955
Player85-2956
Player86-Whoops!
Player85-2958
Player84-2959
Player83-2960
Player82-Whoops!
Player83-2962
Player84-2963
Player85-2964
Player86-2965
Player87-2966
Player88-Whoops!
Player87-Whoops!
Player88-2969
Player89-Whoops!
Player88-Whoops!
Player89-Whoops!
Player88-Whoops!
Player89-Whoops!
Player88-Whoops!
Player89-Whoops!
Player88-Whoops!
Player89-Whoops!
Player88-Whoops!
Player89-2980
Player90-2981
Player91-Whoops!
Player90-2983
Player89-2984
Player88-2985
Player87-2986
Player86-Whoops!
Player87-2988
Player88-Whoops!
Player87-2990
Player86-2991
Player85-2992
Player84-2993
Player83-2994
Player82-2995
Player81-Whoops!
Player82-Whoops!
Player81-2998
Player80-2999
Player79-3000
Player78-3001
Player77-3002
Player76-Whoops!
Player77-Whoops!
Player76-3005
Player75-3006
Player74-Whoops!
Player75-3008
Player76-3009
Player77-Whoops!
Player76-3011
Player75-3012
Player74-Whoops!
Player75-3014
Player76-3015
Player77-3016
Player78-Whoops!
Player77-3018
Player76-3019
Player75-3020
Player74-3021
Player73-Whoops!
Player74-3023
Player75-Whoops!
Player74-3025
Player73-3026
Player72-Whoops!
Player73-3028
Player74-3029
Player75-3030
Player76-Whoops!
Player75-3032
Player74-3033
Player73-3034
Player72-3035
Player71-3036
Player70-Whoops!
Player71-Whoops!
Player70-3039
Player69-Whoops!
Player70-3041
Player71-3042
Player72-3043
Player73-3044
Player74-Whoops!
Player73-3046
Player72-Whoops!
Player73-3048
Player74-3049
Player75-3050
Player76-3051
Player77-Whoops!
Player76-3053
Player75-3054
Player74-3055
Player73-3056
Player72-Whoops!
Player73-3058
Player74-Whoops!
Player73-3060
Player72-3061
Player71-3062
Player70-3063
Player69-3064
Player68-3065
Player67-Whoops!
Player68-Whoops!
Player67-3068
Player66-3069
Player65-Whoops!
Player66-Whoops!
Player65-Whoops!
Player66-Whoops!
Player65-Whoops!
Player66-Whoops!
Player65-Whoops!
Player66-Whoops!
Player65-Whoops!
Player66-Whoops!
Player65-Whoops!
Player66-3081
Player67-3082
Player68-3083
Player69-3084
Player70-3085
Player71-3086
Player72-Whoops!
Player71-3088
Player70-3089
Player69-3090
Player68-3091
Player67-3092
Player66-3093
Player65-Whoops!
Player66-3095
Player67-3096
Player68-Whoops!
Player67-3098
Player66-3099
Player65-3100
Player64-Whoops!
Player65-3102
Player66-Whoops!
Player65-3104
Player64-3105
Player63-3106
Player62-Whoops!
Player63-Whoops!
Player62-3109
Player61-3110
Player60-3111
Player59-Whoops!
Player60-3113
Player61-3114
Player62-Whoops!
Player61-3116
Player60-Whoops!
Player61-3118
Player62-3119
Player63-3120
Player64-Whoops!
Player63-Whoops!
Player64-3123
Player65-3124
Player66-3125
Player67-3126
Player68-Whoops!
Player67-3128
Player66-Whoops!
Player67-Whoops!
Player66-3131
Player65-3132
Player64-3133
Player63-3134
Player62-3135
Player61-Whoops!
Player62-Whoops!
Player61-3138
Player60-3139
Player59-3140
Player58-3141
Player57-3142
Player56-Whoops!
Player57-3144
Player58-3145
Player59-3146
Player60-Whoops!
Player59-3148
Player58-3149
Player57-Whoops!
Player58-3151
Player59-3152
Player60-3153
Player61-3154
Player62-3155
Player63-3156
Player64-Whoops!
Player63-3158
Player62-3159
Player61-3160
Player60-3161
Player59-3162
Player58-3163
Player57-Whoops!
Player58-3165
Player59-3166
Player60-Whoops!
Player59-3168
Player58-3169
Player57-Whoops!
Player58-Whoops!
Player57-Whoops!
Player58-Whoops!
Player57-Whoops!
Player58-Whoops!
Player57-Whoops!
Player58-Whoops!
Player57-Whoops!
Player58-Whoops!
Player57-3180
Player56-3181
Player55-3182
Player54-3183
Player53-3184
Player52-Whoops!
Player53-3186
Player54-Whoops!
Player53-3188
Player52-3189
Player51-3190
Player50-3191
Tim-3192
END OF ROUND
Tim-1
Player50-2
Player51-3
Player52-4
Player53-5
Player54-6
Player55-Whoops!
Player54-8
Player53-9
Player52-10
Player51-11
Player50-12
Tim-13
Player49-Whoops!
Tim-15
Player50-Whoops!
Tim-Whoops!
Player50-18
Player51-19
Player52-20
Player53-Whoops!
Player52-22
Player51-23
Player50-24
Tim-Whoops!
Player50-26
Player51-Whoops!
Player50-Whoops!
Player51-29
Player52-30
Player53-31
Player54-32
Player55-33
Player56-Whoops!
Player55-Whoops!
Player56-36
Player57-Whoops!
Player56-38
Player55-39
Player54-40
Player53-41
Player52-Whoops!
Player53-Whoops!
Player52-44
Player51-45
Player50-46
Tim-Whoops!
Player50-48
Player51-Whoops!
Player50-50
Tim-51
Player49-Whoops!
Tim-53
Player50-54
Player51-55
Player52-Whoops!
Player51-Whoops!
Player52-58
Player53-59
Player54-60
Player55-Whoops!
Player54-62
Player53-Whoops!
Player54-64
Player55-65
Player56-66
Player57-Whoops!
Player56-68
Player55-69
Player54-Whoops!
Player55-Whoops!
Player54-Whoops!
Player55-Whoops!
Player54-Whoops!
Player55-Whoops!
Player54-Whoops!
Player55-Whoops!
Player54-Whoops!
Player55-Whoops!
Player54-80
Player53-81
Player52-82
Player51-83
Player50-Whoops!
Player51-85
Player52-86
Player53-Whoops!
Player52-88
Player51-89
Player50-90
Tim-91
END OF ROUND
Player1: 0
Player2: 0
Player3: 0
Player4: 0
Player5: 0
Player6: 0
Player7: 0
Player8: 0
Player9: 0
Player10: 0
Player11: 0
Player12: 0
Player13: 0
Player14: 0
Player15: 0
Player16: 0
Player17: 0
Player18: 0
Player19: 0
Player20: 0
Player21: 0
Player22: 0
Player23: 0
Player24: 0
Player25: 0
Player26: 0
Player27: 0
Player28: 0
Player29: 0
Player30: 0
Player31: 0
Player32: 0
Player33: 0
Player34: 0
Player35: 0
Player36: 0
Player37: 0
Player38: 0
Player39: 0
Player40: 0
Player41: 0
Player42: 0
Player43: 0
Player44: 0
Player45: 0
Player46: 0
Player47: 0
Player48: 0
Player49: 0
Tim: 2
Player50: 0
Player51: 0
Player52: 0
Player53: 0
Player54: 0
Player55: 0
Player56: 0
Player57: 0
Player58: 0
Player59: 0
Player60: 0
Player61: 0
Player62: 0
Player63: 0
Player64: 0
Player65: 0
Player66: 0
Player67: 0
Player68: 0
Player69: 0
Player70: 0
Player71: 0
Player72: 0
Player73: 0
Player74: 0
Player75: 0
Player76: 0
Player77: 0
Player78: 0
Player79: 0
Player80: 0
Player81: 0
Player82: 0
Player83: 0
Player84: 0
Player85: 0
Player86: 0
Player87: 0
Player88: 0
Player89: 0
Player90: 0
Player91: 0
Player92: 0
Player93: 0
Player94: 0
Player95: 0
Player96: 0
Player97: 0
Player98: 0
Player99: 0
--
